<component name="libraryTable">
  <library name="junit5-api-5.0.0-ALPHA">
    <CLASSES>
      <root url="jar://$MAVEN_REPOSITORY$/org/junit/junit5-api/5.0.0-ALPHA/junit5-api-5.0.0-ALPHA.jar!/" />
    </CLASSES>
    <JAVADOC />
    <SOURCES />
  </library>
</component>